<?xml version="1.0" encoding="UTF-8"?>
<!-- Generated by org.testng.reporters.JUnitReportReporter -->
<testsuite hostname="DESKTOP-LQSVVBR" failures="0" tests="7" name="parallel.ParallelRunner" time="402.880" errors="1" timestamp="15 Jun 2023 06:25:11 GMT" skipped="0">
  <testcase classname="parallel.ParallelRunner" name="runScenario" time="57.266"/>
  <testcase classname="parallel.ParallelRunner" name="runScenario" time="57.639"/>
  <testcase classname="parallel.ParallelRunner" name="runScenario" time="57.749"/>
  <testcase classname="parallel.ParallelRunner" name="runScenario" time="57.675"/>
  <testcase classname="parallel.ParallelRunner" name="runScenario" time="57.735"/>
  <testcase classname="parallel.ParallelRunner" name="runScenario" time="57.549">
    <error message="Cannot invoke &quot;String.contains(java.lang.CharSequence)&quot; because &quot;parallel.LoginPageSteps.title&quot; is null" type="java.lang.NullPointerException">
      <![CDATA[java.lang.NullPointerException: Cannot invoke "String.contains(java.lang.CharSequence)" because "parallel.LoginPageSteps.title" is null
at parallel.LoginPageSteps.user_gets_the_title_of_the_page(LoginPageSteps.java:57)
at ✽.user gets the title of the login page "Guru99 Bank Home Page"(file:///D:/Workspace%20Eclipse%20June%202023/Guru_99_BDD_Cucumber_FW_14062023/src/test/resources/parallel/Login.feature:18)
]]>
    </error>
  </testcase> <!-- runScenario -->
  <testcase classname="parallel.ParallelRunner" name="runScenario" time="57.267"/>
</testsuite> <!-- parallel.ParallelRunner -->
